2020-10-28 17:42:26,300 INFO  [log] Lavanya
2020-10-29 14:20:34,086 INFO  [log] 
2020-10-29 14:20:34,528 INFO  [log] Lavanya
2020-10-29 14:20:34,897 INFO  [log] 
2020-10-29 14:21:38,520 INFO  [log] 
2020-10-29 14:21:38,759 INFO  [log] Lavanya
2020-10-29 14:21:38,976 INFO  [log] 
2020-10-29 14:55:37,966 INFO  [log] "Employee added successfully"
2020-10-29 14:55:37,978 INFO  [log] Employee Added Successfully to database.
2020-10-29 14:55:38,098 INFO  [log] 
2020-10-29 14:55:38,099 INFO  [log] 
2020-10-29 14:55:38,266 INFO  [log] Lavanya
2020-10-29 14:57:01,847 INFO  [log] "Employee added successfully"
2020-10-29 14:57:01,863 INFO  [log] Employee Added Successfully to database.
2020-10-29 14:57:02,079 INFO  [log] 
2020-10-29 14:57:02,080 INFO  [log] 
2020-10-29 14:57:02,397 INFO  [log] Lavanya
2020-10-29 15:01:36,745 INFO  [log] "Employee added successfully"
2020-10-29 15:01:36,763 INFO  [log] Employee Added Successfully to database.
2020-10-29 15:01:36,960 INFO  [log] 
2020-10-29 15:01:36,964 INFO  [log] 
2020-10-29 15:01:37,187 INFO  [log] Lavanya
2020-10-29 15:03:39,409 INFO  [log] "Employee added successfully"
2020-10-29 15:03:39,420 INFO  [log] Employee Added Successfully to database.
2020-10-29 15:03:39,596 INFO  [log] 
2020-10-29 15:03:39,602 INFO  [log] 
2020-10-29 15:03:39,910 INFO  [log] Sahasra
2020-10-29 15:09:34,931 INFO  [log] "Employee added successfully"
2020-10-29 15:09:34,939 INFO  [log] Employee Added Successfully to database.
2020-10-29 15:09:35,331 INFO  [log] 
2020-10-29 15:09:35,344 INFO  [log] 
2020-10-29 15:09:35,742 INFO  [log] Sahasra
2020-10-29 15:10:15,359 INFO  [log] "Employee added successfully"
2020-10-29 15:10:15,369 INFO  [log] Employee Added Successfully to database.
2020-10-29 15:10:15,513 INFO  [log] 
2020-10-29 15:10:15,517 INFO  [log] 
2020-10-29 15:13:23,500 INFO  [log] "Employee added successfully"
2020-10-29 15:13:23,522 INFO  [log] Employee Added Successfully to database.
2020-10-29 15:13:23,700 INFO  [log] 
2020-10-29 15:13:23,704 INFO  [log] 
