2020-11-02 13:25:49,805 INFO o.a.j.u.JMeterUtils: Setting Locale to en_EN
2020-11-02 13:25:49,820 INFO o.a.j.JMeter: Loading user properties from: user.properties
2020-11-02 13:25:49,820 INFO o.a.j.JMeter: Loading system properties from: system.properties
2020-11-02 13:25:49,820 INFO o.a.j.JMeter: Setting JMeter property: jmeter.save.saveservice.output_format=xml
2020-11-02 13:25:49,820 INFO o.a.j.JMeter: Copyright (c) 1998-2019 The Apache Software Foundation
2020-11-02 13:25:49,820 INFO o.a.j.JMeter: Version 5.2.1
2020-11-02 13:25:49,820 INFO o.a.j.JMeter: java.version=1.8.0_271
2020-11-02 13:25:49,820 INFO o.a.j.JMeter: java.vm.name=Java HotSpot(TM) 64-Bit Server VM
2020-11-02 13:25:49,820 INFO o.a.j.JMeter: os.name=Windows 10
2020-11-02 13:25:49,820 INFO o.a.j.JMeter: os.arch=amd64
2020-11-02 13:25:49,820 INFO o.a.j.JMeter: os.version=10.0
2020-11-02 13:25:49,820 INFO o.a.j.JMeter: file.encoding=Cp1252
2020-11-02 13:25:49,820 INFO o.a.j.JMeter: java.awt.headless=true
2020-11-02 13:25:49,820 INFO o.a.j.JMeter: Max memory     =1073741824
2020-11-02 13:25:49,820 INFO o.a.j.JMeter: Available Processors =4
2020-11-02 13:25:49,820 INFO o.a.j.JMeter: Default Locale=English (EN)
2020-11-02 13:25:49,820 INFO o.a.j.JMeter: JMeter  Locale=English (EN)
2020-11-02 13:25:49,820 INFO o.a.j.JMeter: JMeterHome=E:\apache-jmeter-5.2.1
2020-11-02 13:25:49,820 INFO o.a.j.JMeter: user.dir  =E:\apache-jmeter-5.2.1\bin
2020-11-02 13:25:49,820 INFO o.a.j.JMeter: PWD       =E:\apache-jmeter-5.2.1\bin
2020-11-02 13:25:49,836 INFO o.a.j.JMeter: IP: 192.168.0.47 Name: XTV-SPAREPC FullName: XTV-SPAREPC.HYDUS.COM
2020-11-02 13:25:49,836 INFO o.a.j.s.FileServer: Default base='E:\apache-jmeter-5.2.1\bin'
2020-11-02 13:25:49,867 INFO o.a.j.s.FileServer: Set new base='E:\apache-jmeter-5.2.1\bin'
2020-11-02 13:25:50,180 INFO o.a.j.s.SaveService: Testplan (JMX) version: 2.2. Testlog (JTL) version: 2.2
2020-11-02 13:25:50,242 INFO o.a.j.s.SaveService: Using SaveService properties file encoding UTF-8
2020-11-02 13:25:50,242 INFO o.a.j.s.SaveService: Using SaveService properties version 5.0
2020-11-02 13:25:50,258 INFO o.a.j.s.SaveService: Loading file: E:\apache-jmeter-5.2.1\bin\restservices.jmx
2020-11-02 13:25:50,336 INFO o.a.j.p.h.s.HTTPSamplerBase: Parser for text/html is org.apache.jmeter.protocol.http.parser.LagartoBasedHtmlParser
2020-11-02 13:25:50,336 INFO o.a.j.p.h.s.HTTPSamplerBase: Parser for application/xhtml+xml is org.apache.jmeter.protocol.http.parser.LagartoBasedHtmlParser
2020-11-02 13:25:50,336 INFO o.a.j.p.h.s.HTTPSamplerBase: Parser for application/xml is org.apache.jmeter.protocol.http.parser.LagartoBasedHtmlParser
2020-11-02 13:25:50,336 INFO o.a.j.p.h.s.HTTPSamplerBase: Parser for text/xml is org.apache.jmeter.protocol.http.parser.LagartoBasedHtmlParser
2020-11-02 13:25:50,336 INFO o.a.j.p.h.s.HTTPSamplerBase: Parser for text/vnd.wap.wml is org.apache.jmeter.protocol.http.parser.RegexpHTMLParser
2020-11-02 13:25:50,336 INFO o.a.j.p.h.s.HTTPSamplerBase: Parser for text/css is org.apache.jmeter.protocol.http.parser.CssParser
2020-11-02 13:25:50,367 INFO o.a.j.JMeter: Creating summariser <summary>
2020-11-02 13:25:50,380 INFO o.a.j.e.StandardJMeterEngine: Running the test!
2020-11-02 13:25:50,388 INFO o.a.j.s.SampleEvent: List of sample_variables: []
2020-11-02 13:25:50,388 INFO o.a.j.s.SampleEvent: List of sample_variables: []
2020-11-02 13:25:50,392 INFO o.a.j.e.u.CompoundVariable: Note: Function class names must contain the string: '.functions.'
2020-11-02 13:25:50,392 INFO o.a.j.e.u.CompoundVariable: Note: Function class names must not contain the string: '.gui.'
2020-11-02 13:25:50,903 INFO o.a.j.r.ResultCollector: Folder at E:\Test Results was created
2020-11-02 13:25:50,903 INFO o.a.j.JMeter: Running test (1604303750903)
2020-11-02 13:25:50,934 INFO o.a.j.e.StandardJMeterEngine: Starting ThreadGroup: 1 : RESTSERVICES
2020-11-02 13:25:50,934 INFO o.a.j.e.StandardJMeterEngine: Starting 1 threads for group RESTSERVICES.
2020-11-02 13:25:50,934 INFO o.a.j.e.StandardJMeterEngine: Thread will continue on error
2020-11-02 13:25:50,934 INFO o.a.j.t.ThreadGroup: Starting thread group... number=1 threads=1 ramp-up=1 delayedStart=false
2020-11-02 13:25:50,950 INFO o.a.j.t.ThreadGroup: Started thread group number 1
2020-11-02 13:25:50,950 INFO o.a.j.e.StandardJMeterEngine: All thread groups have been started
2020-11-02 13:25:50,965 INFO o.a.j.t.JMeterThread: Thread started: RESTSERVICES 1-1
2020-11-02 13:25:50,965 INFO o.a.j.s.FileServer: Stored: E:/Test Data/restservicestestdata.csv
2020-11-02 13:25:50,965 ERROR o.a.j.t.JMeterThread: Test failed!
java.lang.IllegalArgumentException: File restservicestestdata.csv must exist and be readable
	at org.apache.jmeter.services.FileServer.createBufferedReader(FileServer.java:425) ~[ApacheJMeter_core.jar:5.2.1]
	at org.apache.jmeter.services.FileServer.readLine(FileServer.java:341) ~[ApacheJMeter_core.jar:5.2.1]
	at org.apache.jmeter.config.CSVDataSet.iterationStart(CSVDataSet.java:211) ~[ApacheJMeter_components.jar:5.2.1]
	at org.apache.jmeter.control.GenericController.fireIterationStart(GenericController.java:399) ~[ApacheJMeter_core.jar:5.2.1]
	at org.apache.jmeter.control.GenericController.fireIterEvents(GenericController.java:391) ~[ApacheJMeter_core.jar:5.2.1]
	at org.apache.jmeter.control.GenericController.next(GenericController.java:160) ~[ApacheJMeter_core.jar:5.2.1]
	at org.apache.jmeter.control.LoopController.next(LoopController.java:135) ~[ApacheJMeter_core.jar:5.2.1]
	at org.apache.jmeter.threads.AbstractThreadGroup.next(AbstractThreadGroup.java:92) ~[ApacheJMeter_core.jar:5.2.1]
	at org.apache.jmeter.threads.JMeterThread.run(JMeterThread.java:255) [ApacheJMeter_core.jar:5.2.1]
	at java.lang.Thread.run(Unknown Source) [?:1.8.0_271]
2020-11-02 13:25:50,981 INFO o.a.j.t.JMeterThread: Thread finished: RESTSERVICES 1-1
2020-11-02 13:25:50,981 INFO o.a.j.e.StandardJMeterEngine: Notifying test listeners of end of test
2020-11-02 13:25:50,981 INFO o.a.j.r.Summariser: summary =      0 in 00:00:00 = ******/s Avg:     0 Min: 9223372036854775807 Max: -9223372036854775808 Err:     0 (0.00%)
